<?xml version="1.0" encoding="UTF-8"?>
<!-- Generated by org.testng.reporters.JUnitXMLReporter -->
<testsuite ignored="0" hostname="DESKTOP-AV2EF2M" failures="0" tests="7" name="OpencartTest" time="58.287" errors="0" timestamp="2023-12-16T02:09:30 IST">
  <testcase classname="testCases.TC_001_AccountRegistrationTest" name="test_account_Registration" time="4.88"/>
  <testcase classname="testCases.TC_002_LoginTest" name="test_login" time="2.14"/>
  <testcase classname="testCases.TC_003_LoginDDT" name="test_loginDDT" time="2.219"/>
  <testcase classname="testCases.TC_003_LoginDDT" name="test_loginDDT" time="11.253"/>
  <testcase classname="testCases.TC_003_LoginDDT" name="test_loginDDT" time="11.256"/>
  <testcase classname="testCases.TC_003_LoginDDT" name="test_loginDDT" time="11.308"/>
  <testcase classname="testCases.TC_003_LoginDDT" name="test_loginDDT" time="1.874"/>
</testsuite> <!-- OpencartTest -->
